<?xml version="1.0" encoding="UTF-8"?>
<testsuites name="jest tests" tests="3" failures="0" errors="0" time="0.741">
  <testsuite name="Technical Documents API" errors="0" failures="0" skipped="0" timestamp="2025-06-02T21:00:21" time="0.677" tests="3">
    <testcase classname="Technical Documents API Authentication should reject requests without token" name="Technical Documents API Authentication should reject requests without token" time="0.018">
    </testcase>
    <testcase classname="Technical Documents API Document CRUD should create and manage documents" name="Technical Documents API Document CRUD should create and manage documents" time="0.042">
    </testcase>
    <testcase classname="Technical Documents API File Upload should upload a file" name="Technical Documents API File Upload should upload a file" time="0.014">
    </testcase>
  </testsuite>
</testsuites>